<?xml version="1.0" encoding="UTF-8"?>
<testsuite xmlns:xsi="http://www.w3.org/2001/XMLSchema-instance" xsi:noNamespaceSchemaLocation="https://maven.apache.org/surefire/maven-surefire-plugin/xsd/surefire-test-report.xsd" name="TestSuite" time="36.828" tests="9" errors="0" skipped="6" failures="3">
  <properties>
[...]
</properties>
  <testcase name="getdriver" classname="swaglabstestcases.SystemTesting" time="31.935">
    <failure message="java.net.ConnectException: Failed to connect to localhost/0:0:0:0:0:0:0:1:8940&#10;Build info: version: &apos;3.141.59&apos;, revision: &apos;e82be7d358&apos;, time: &apos;2018-11-14T08:17:03&apos;&#10;System info: host: &apos;MANOHARPC&apos;, ip: &apos;192.168.43.248&apos;, os.name: &apos;Windows 7&apos;, os.arch: &apos;amd64&apos;, os.version: &apos;6.1&apos;, java.version: &apos;1.8.0_251&apos;&#10;Driver info: driver.version: InternetExplorerDriver" type="org.openqa.selenium.WebDriverException">org.openqa.selenium.WebDriverException: 
java.net.ConnectException: Failed to connect to localhost/0:0:0:0:0:0:0:1:8940
Build info: version: '3.141.59', revision: 'e82be7d358', time: '2018-11-14T08:17:03'
System info: host: 'MANOHARPC', ip: '192.168.43.248', os.name: 'Windows 7', os.arch: 'amd64', os.version: '6.1', java.version: '1.8.0_251'
Driver info: driver.version: InternetExplorerDriver
	at swaglabstestcases.SystemTesting.getdriver(SystemTesting.java:32)
Caused by: java.net.ConnectException: Failed to connect to localhost/0:0:0:0:0:0:0:1:8940
	at swaglabstestcases.SystemTesting.getdriver(SystemTesting.java:32)
Caused by: java.net.ConnectException: Connection refused: connect
	at swaglabstestcases.SystemTesting.getdriver(SystemTesting.java:32)
</failure>
    <system-err><![CDATA[Started InternetExplorerDriver server (64-bit)
3.9.0.0
Listening on port 8940
Only local connections are allowed
]]></system-err>
  </testcase>
  <testcase name="buyproductscenario" classname="swaglabstestcases.SystemTesting" time="0">
    <skipped/>
  </testcase>
  <testcase name="teardown" classname="swaglabstestcases.SystemTesting" time="0">
    <skipped/>
  </testcase>
  <testcase name="getdriver" classname="swaglabstestcases.Validationtesting" time="2.723">
    <failure message="java.net.ConnectException: Failed to connect to localhost/0:0:0:0:0:0:0:1:40083&#10;Build info: version: &apos;3.141.59&apos;, revision: &apos;e82be7d358&apos;, time: &apos;2018-11-14T08:17:03&apos;&#10;System info: host: &apos;MANOHARPC&apos;, ip: &apos;192.168.43.248&apos;, os.name: &apos;Windows 7&apos;, os.arch: &apos;amd64&apos;, os.version: &apos;6.1&apos;, java.version: &apos;1.8.0_251&apos;&#10;Driver info: driver.version: InternetExplorerDriver" type="org.openqa.selenium.WebDriverException">org.openqa.selenium.WebDriverException: 
java.net.ConnectException: Failed to connect to localhost/0:0:0:0:0:0:0:1:40083
Build info: version: '3.141.59', revision: 'e82be7d358', time: '2018-11-14T08:17:03'
System info: host: 'MANOHARPC', ip: '192.168.43.248', os.name: 'Windows 7', os.arch: 'amd64', os.version: '6.1', java.version: '1.8.0_251'
Driver info: driver.version: InternetExplorerDriver
	at swaglabstestcases.Validationtesting.getdriver(Validationtesting.java:24)
Caused by: java.net.ConnectException: Failed to connect to localhost/0:0:0:0:0:0:0:1:40083
	at swaglabstestcases.Validationtesting.getdriver(Validationtesting.java:24)
Caused by: java.net.ConnectException: Connection refused: connect
	at swaglabstestcases.Validationtesting.getdriver(Validationtesting.java:24)
</failure>
    <system-err><![CDATA[Started InternetExplorerDriver server (64-bit)
3.9.0.0
Listening on port 40083
Only local connections are allowed
]]></system-err>
  </testcase>
  <testcase name="getdriver" classname="swaglabstestcases.Validationtesting" time="1.752">
    <failure message="java.net.ConnectException: Failed to connect to localhost/0:0:0:0:0:0:0:1:6197&#10;Build info: version: &apos;3.141.59&apos;, revision: &apos;e82be7d358&apos;, time: &apos;2018-11-14T08:17:03&apos;&#10;System info: host: &apos;MANOHARPC&apos;, ip: &apos;192.168.43.248&apos;, os.name: &apos;Windows 7&apos;, os.arch: &apos;amd64&apos;, os.version: &apos;6.1&apos;, java.version: &apos;1.8.0_251&apos;&#10;Driver info: driver.version: InternetExplorerDriver" type="org.openqa.selenium.WebDriverException">org.openqa.selenium.WebDriverException: 
java.net.ConnectException: Failed to connect to localhost/0:0:0:0:0:0:0:1:6197
Build info: version: '3.141.59', revision: 'e82be7d358', time: '2018-11-14T08:17:03'
System info: host: 'MANOHARPC', ip: '192.168.43.248', os.name: 'Windows 7', os.arch: 'amd64', os.version: '6.1', java.version: '1.8.0_251'
Driver info: driver.version: InternetExplorerDriver
	at swaglabstestcases.Validationtesting.getdriver(Validationtesting.java:24)
Caused by: java.net.ConnectException: Failed to connect to localhost/0:0:0:0:0:0:0:1:6197
	at swaglabstestcases.Validationtesting.getdriver(Validationtesting.java:24)
Caused by: java.net.ConnectException: Connection refused: connect
	at swaglabstestcases.Validationtesting.getdriver(Validationtesting.java:24)
</failure>
    <system-err><![CDATA[Started InternetExplorerDriver server (64-bit)
3.9.0.0
Listening on port 6197
Only local connections are allowed
]]></system-err>
  </testcase>
  <testcase name="validatenavbar" classname="swaglabstestcases.Validationtesting" time="0">
    <skipped/>
  </testcase>
  <testcase name="teardown" classname="swaglabstestcases.Validationtesting" time="0">
    <skipped/>
  </testcase>
  <testcase name="teardown" classname="swaglabstestcases.Validationtesting" time="0">
    <skipped/>
  </testcase>
  <testcase name="verifyapptitle" classname="swaglabstestcases.Validationtesting" time="0">
    <skipped/>
  </testcase>
</testsuite>